0 info it worked if it ends with ok
1 verbose cli [ 'node', '/usr/local/bin/npm', 'install', 'heel' ]
2 info using npm@1.2.10
3 info using node@v0.8.19
4 verbose read json /Users/ken/dev/git/coffee-amd-mocha-testem-boilerplate/package.json
5 verbose from cache /Users/ken/dev/git/coffee-amd-mocha-testem-boilerplate/package.json
6 verbose readDependencies using package.json deps
7 verbose cache add [ 'heel', null ]
8 verbose cache add name=undefined spec="heel" args=["heel",null]
9 verbose parsed url { pathname: 'heel', path: 'heel', href: 'heel' }
10 silly lockFile 9ab5da88-heel heel
11 verbose lock heel /Users/ken/.npm/9ab5da88-heel.lock
12 silly lockFile 9ab5da88-heel heel
13 silly lockFile 9ab5da88-heel heel
14 verbose addNamed [ 'heel', '' ]
15 verbose addNamed [ null, '' ]
16 silly lockFile 76f767aa-heel heel@
17 verbose lock heel@ /Users/ken/.npm/76f767aa-heel.lock
18 silly addNameRange { name: 'heel', range: '', hasData: false }
19 verbose url raw heel
20 verbose url resolving [ 'https://registry.npmjs.org/', './heel' ]
21 verbose url resolved https://registry.npmjs.org/heel
22 info trying registry request attempt 1 at 22:22:15
23 http GET https://registry.npmjs.org/heel
24 http 404 https://registry.npmjs.org/heel
25 silly registry.get cb [ 404,
25 silly registry.get   { server: 'CouchDB/1.3.0 (Erlang OTP/R15B03)',
25 silly registry.get     date: 'Tue, 07 May 2013 20:22:17 GMT',
25 silly registry.get     'content-type': 'application/json',
25 silly registry.get     'content-length': '52',
25 silly registry.get     'cache-control': 'must-revalidate' } ]
26 silly lockFile 76f767aa-heel heel@
27 silly lockFile 76f767aa-heel heel@
28 error 404 'heel' is not in the npm registry.
28 error 404 You should bug the author to publish it
28 error 404
28 error 404 Note that you can also install from a
28 error 404 tarball, folder, or http url, or git url.
29 error System Darwin 12.3.0
30 error command "node" "/usr/local/bin/npm" "install" "heel"
31 error cwd /Users/ken/dev/git/coffee-amd-mocha-testem-boilerplate
32 error node -v v0.8.19
33 error npm -v 1.2.10
34 error code E404
35 verbose exit [ 1, true ]
